This file contains any messages produced by compilers while
running configure, to aid debugging if configure makes a mistake.

It was created by SU2_EDU configure 1.1.0, which was
generated by GNU Autoconf 2.69.  Invocation command line was

  $ ./configure --prefix=/Users/economon/SU2_EDU --enable-metis

## --------- ##
## Platform. ##
## --------- ##

hostname = dnab40a3f2.stanford.edu
uname -m = x86_64
uname -r = 13.1.0
uname -s = Darwin
uname -v = Darwin Kernel Version 13.1.0: Thu Jan 16 19:40:37 PST 2014; root:xnu-2422.90.20~2/RELEASE_X86_64

/usr/bin/uname -p = i386
/bin/uname -X     = unknown

/bin/arch              = unknown
/usr/bin/arch -k       = unknown
/usr/convex/getsysinfo = unknown
/usr/bin/hostinfo      = Mach kernel version:
	 Darwin Kernel Version 13.1.0: Thu Jan 16 19:40:37 PST 2014; root:xnu-2422.90.20~2/RELEASE_X86_64
Kernel configured for up to 2 processors.
2 processors are physically available.
2 processors are logically available.
Processor type: i486 (Intel 80486)
Processors active: 0 1
Primary memory available: 8.00 gigabytes
Default processor set: 239 tasks, 957 threads, 2 processors
Load average: 1.91, Mach factor: 0.38
/bin/machine           = unknown
/usr/bin/oslevel       = unknown
/bin/universe          = unknown

PATH: /Developer/NVIDIA/CUDA-5.5/bin
PATH: /Users/economon/Library/Enthought/Canopy_64bit/User/bin
PATH: /Applications/Pointwise/PointwiseV17.1R1/macosx/Pointwise.app/Contents/MacOS
PATH: /Applications/Tec360_2013/bin
PATH: /Library/Frameworks/Python.framework/Versions/Current/bin
PATH: /usr/X11R6/include
PATH: /Users/economon/SU2/externals/autotools/bin
PATH: /Users/economon/SU2/bin
PATH: /usr/local/openmpi-1.6.3-gnu/bin
PATH: /usr/local/gfortran-4.9/bin
PATH: /usr/bin
PATH: /bin
PATH: /usr/sbin
PATH: /sbin
PATH: /usr/local/bin
PATH: /opt/X11/bin
PATH: /usr/texbin
PATH: /Users/economon/SU2_EDU/bin


## ----------- ##
## Core tests. ##
## ----------- ##

configure:2240: checking build system type
configure:2254: result: x86_64-apple-darwin13.1.0
configure:2274: checking host system type
configure:2287: result: x86_64-apple-darwin13.1.0
configure:2307: checking target system type
configure:2320: result: x86_64-apple-darwin13.1.0
configure:2362: checking for a BSD-compatible install
configure:2430: result: /usr/bin/install -c
configure:2441: checking whether build environment is sane
configure:2496: result: yes
configure:2647: checking for a thread-safe mkdir -p
configure:2686: result: ./install-sh -c -d
configure:2693: checking for gawk
configure:2723: result: no
configure:2693: checking for mawk
configure:2723: result: no
configure:2693: checking for nawk
configure:2723: result: no
configure:2693: checking for awk
configure:2709: found /usr/bin/awk
configure:2720: result: awk
configure:2731: checking whether make sets $(MAKE)
configure:2753: result: yes
configure:2782: checking whether make supports nested variables
configure:2799: result: yes
configure:2935: checking whether make supports nested variables
configure:2952: result: yes
configure:3077: checking for C++ compiler version
configure:3086: g++ --version >&5
Apple LLVM version 5.1 (clang-503.0.38) (based on LLVM 3.4svn)
Target: x86_64-apple-darwin13.1.0
Thread model: posix
Configured with: --prefix=/Applications/Xcode.app/Contents/Developer/usr --with-gxx-include-dir=/usr/include/c++/4.2.1
configure:3097: $? = 0
configure:3086: g++ -v >&5
Configured with: --prefix=/Applications/Xcode.app/Contents/Developer/usr --with-gxx-include-dir=/usr/include/c++/4.2.1
Apple LLVM version 5.1 (clang-503.0.38) (based on LLVM 3.4svn)
Target: x86_64-apple-darwin13.1.0
Thread model: posix
configure:3097: $? = 0
configure:3086: g++ -V >&5
clang: error: argument to '-V' is missing (expected 1 value)
clang: error: no input files
configure:3097: $? = 1
configure:3086: g++ -qversion >&5
clang: error: unknown argument: '-qversion' [-Wunused-command-line-argument-hard-error-in-future]
clang: note: this will be a hard error (cannot be downgraded to a warning) in the future
clang: error: no input files
configure:3097: $? = 1
configure:3117: checking whether the C++ compiler works
configure:3139: g++ -O3 -fPIC -DTIME   conftest.cpp  >&5
configure:3143: $? = 0
configure:3191: result: yes
configure:3194: checking for C++ compiler default output file name
configure:3196: result: a.out
configure:3202: checking for suffix of executables
configure:3209: g++ -o conftest -O3 -fPIC -DTIME   conftest.cpp  >&5
configure:3213: $? = 0
configure:3235: result: 
configure:3257: checking whether we are cross compiling
configure:3265: g++ -o conftest -O3 -fPIC -DTIME   conftest.cpp  >&5
configure:3269: $? = 0
configure:3276: ./conftest
configure:3280: $? = 0
configure:3295: result: no
configure:3300: checking for suffix of object files
configure:3322: g++ -c -O3 -fPIC -DTIME  conftest.cpp >&5
configure:3326: $? = 0
configure:3347: result: o
configure:3351: checking whether we are using the GNU C++ compiler
configure:3370: g++ -c -O3 -fPIC -DTIME  conftest.cpp >&5
configure:3370: $? = 0
configure:3379: result: yes
configure:3388: checking whether g++ accepts -g
configure:3408: g++ -c -g  conftest.cpp >&5
configure:3408: $? = 0
configure:3449: result: yes
configure:3483: checking for style of include used by make
configure:3511: result: GNU
configure:3537: checking dependency style of g++
configure:3648: result: gcc3
configure:3711: checking for gcc
configure:3738: result: gcc
configure:3967: checking for C compiler version
configure:3976: gcc --version >&5
Apple LLVM version 5.1 (clang-503.0.38) (based on LLVM 3.4svn)
Target: x86_64-apple-darwin13.1.0
Thread model: posix
Configured with: --prefix=/Applications/Xcode.app/Contents/Developer/usr --with-gxx-include-dir=/usr/include/c++/4.2.1
configure:3987: $? = 0
configure:3976: gcc -v >&5
Configured with: --prefix=/Applications/Xcode.app/Contents/Developer/usr --with-gxx-include-dir=/usr/include/c++/4.2.1
Apple LLVM version 5.1 (clang-503.0.38) (based on LLVM 3.4svn)
Target: x86_64-apple-darwin13.1.0
Thread model: posix
configure:3987: $? = 0
configure:3976: gcc -V >&5
clang: error: argument to '-V' is missing (expected 1 value)
clang: error: no input files
configure:3987: $? = 1
configure:3976: gcc -qversion >&5
clang: error: unknown argument: '-qversion' [-Wunused-command-line-argument-hard-error-in-future]
clang: note: this will be a hard error (cannot be downgraded to a warning) in the future
clang: error: no input files
configure:3987: $? = 1
configure:3991: checking whether we are using the GNU C compiler
configure:4010: gcc -c -O3 -fPIC  conftest.c >&5
configure:4010: $? = 0
configure:4019: result: yes
configure:4028: checking whether gcc accepts -g
configure:4048: gcc -c -g  conftest.c >&5
configure:4048: $? = 0
configure:4089: result: yes
configure:4106: checking for gcc option to accept ISO C89
configure:4169: gcc  -c -O3 -fPIC  conftest.c >&5
configure:4169: $? = 0
configure:4182: result: none needed
configure:4207: checking whether gcc understands -c and -o together
configure:4229: gcc -c conftest.c -o conftest2.o
configure:4232: $? = 0
configure:4229: gcc -c conftest.c -o conftest2.o
configure:4232: $? = 0
configure:4244: result: yes
configure:4263: checking dependency style of gcc
configure:4374: result: gcc3
configure:4433: checking for ranlib
configure:4449: found /usr/bin/ranlib
configure:4460: result: ranlib
configure:4493: checking how to run the C preprocessor
configure:4524: gcc -E  conftest.c
configure:4524: $? = 0
configure:4538: gcc -E  conftest.c
conftest.c:11:10: fatal error: 'ac_nonexistent.h' file not found
#include <ac_nonexistent.h>
         ^
1 error generated.
configure:4538: $? = 1
configure: failed program was:
| /* confdefs.h */
| #define PACKAGE_NAME "SU2_EDU"
| #define PACKAGE_TARNAME "SU2_EDU"
| #define PACKAGE_VERSION "1.1.0"
| #define PACKAGE_STRING "SU2_EDU 1.1.0"
| #define PACKAGE_BUGREPORT "susquared-dev@lists.stanford.edu"
| #define PACKAGE_URL "http://su2.stanford.edu"
| #define PACKAGE "SU2_EDU"
| #define VERSION "1.1.0"
| /* end confdefs.h.  */
| #include <ac_nonexistent.h>
configure:4563: result: gcc -E
configure:4583: gcc -E  conftest.c
configure:4583: $? = 0
configure:4597: gcc -E  conftest.c
conftest.c:11:10: fatal error: 'ac_nonexistent.h' file not found
#include <ac_nonexistent.h>
         ^
1 error generated.
configure:4597: $? = 1
configure: failed program was:
| /* confdefs.h */
| #define PACKAGE_NAME "SU2_EDU"
| #define PACKAGE_TARNAME "SU2_EDU"
| #define PACKAGE_VERSION "1.1.0"
| #define PACKAGE_STRING "SU2_EDU 1.1.0"
| #define PACKAGE_BUGREPORT "susquared-dev@lists.stanford.edu"
| #define PACKAGE_URL "http://su2.stanford.edu"
| #define PACKAGE "SU2_EDU"
| #define VERSION "1.1.0"
| /* end confdefs.h.  */
| #include <ac_nonexistent.h>
configure:4626: checking for grep that handles long lines and -e
configure:4684: result: /usr/bin/grep
configure:4689: checking for egrep
configure:4751: result: /usr/bin/grep -E
configure:4756: checking for ANSI C header files
configure:4776: gcc -c -O3 -fPIC  conftest.c >&5
configure:4776: $? = 0
configure:4849: gcc -o conftest -O3 -fPIC   conftest.c  >&5
configure:4849: $? = 0
configure:4849: ./conftest
configure:4849: $? = 0
configure:4860: result: yes
configure:4873: checking for sys/types.h
configure:4873: gcc -c -O3 -fPIC  conftest.c >&5
configure:4873: $? = 0
configure:4873: result: yes
configure:4873: checking for sys/stat.h
configure:4873: gcc -c -O3 -fPIC  conftest.c >&5
configure:4873: $? = 0
configure:4873: result: yes
configure:4873: checking for stdlib.h
configure:4873: gcc -c -O3 -fPIC  conftest.c >&5
configure:4873: $? = 0
configure:4873: result: yes
configure:4873: checking for string.h
configure:4873: gcc -c -O3 -fPIC  conftest.c >&5
configure:4873: $? = 0
configure:4873: result: yes
configure:4873: checking for memory.h
configure:4873: gcc -c -O3 -fPIC  conftest.c >&5
configure:4873: $? = 0
configure:4873: result: yes
configure:4873: checking for strings.h
configure:4873: gcc -c -O3 -fPIC  conftest.c >&5
configure:4873: $? = 0
configure:4873: result: yes
configure:4873: checking for inttypes.h
configure:4873: gcc -c -O3 -fPIC  conftest.c >&5
configure:4873: $? = 0
configure:4873: result: yes
configure:4873: checking for stdint.h
configure:4873: gcc -c -O3 -fPIC  conftest.c >&5
configure:4873: $? = 0
configure:4873: result: yes
configure:4873: checking for unistd.h
configure:4873: gcc -c -O3 -fPIC  conftest.c >&5
configure:4873: $? = 0
configure:4873: result: yes
configure:4889: checking size of short int
configure:4894: gcc -o conftest -O3 -fPIC   conftest.c  >&5
configure:4894: $? = 0
configure:4894: ./conftest
configure:4894: $? = 0
configure:4908: result: 2
configure:4922: checking size of int
configure:4927: gcc -o conftest -O3 -fPIC   conftest.c  >&5
configure:4927: $? = 0
configure:4927: ./conftest
configure:4927: $? = 0
configure:4941: result: 4
configure:4955: checking size of unsigned int
configure:4960: gcc -o conftest -O3 -fPIC   conftest.c  >&5
configure:4960: $? = 0
configure:4960: ./conftest
configure:4960: $? = 0
configure:4974: result: 4
configure:4988: checking size of long int
configure:4993: gcc -o conftest -O3 -fPIC   conftest.c  >&5
configure:4993: $? = 0
configure:4993: ./conftest
configure:4993: $? = 0
configure:5007: result: 8
configure:5021: checking size of float
configure:5026: gcc -o conftest -O3 -fPIC   conftest.c  >&5
configure:5026: $? = 0
configure:5026: ./conftest
configure:5026: $? = 0
configure:5040: result: 4
configure:5054: checking size of double
configure:5059: gcc -o conftest -O3 -fPIC   conftest.c  >&5
configure:5059: $? = 0
configure:5059: ./conftest
configure:5059: $? = 0
configure:5073: result: 8
configure:5087: checking size of void *
configure:5092: gcc -o conftest -O3 -fPIC   conftest.c  >&5
configure:5092: $? = 0
configure:5092: ./conftest
configure:5092: $? = 0
configure:5106: result: 8
configure:5158: result: <<< Configuring library with Metis support >>>
configure:5163: checking for thread local storage (TLS) class
configure:5190: gcc -c -O3 -fPIC  conftest.c >&5
configure:5190: $? = 0
configure:5210: result: __thread
configure:5364: checking for C++ compiler version
configure:5373: g++ --version >&5
Apple LLVM version 5.1 (clang-503.0.38) (based on LLVM 3.4svn)
Target: x86_64-apple-darwin13.1.0
Thread model: posix
Configured with: --prefix=/Applications/Xcode.app/Contents/Developer/usr --with-gxx-include-dir=/usr/include/c++/4.2.1
configure:5384: $? = 0
configure:5373: g++ -v >&5
Configured with: --prefix=/Applications/Xcode.app/Contents/Developer/usr --with-gxx-include-dir=/usr/include/c++/4.2.1
Apple LLVM version 5.1 (clang-503.0.38) (based on LLVM 3.4svn)
Target: x86_64-apple-darwin13.1.0
Thread model: posix
configure:5384: $? = 0
configure:5373: g++ -V >&5
clang: error: argument to '-V' is missing (expected 1 value)
clang: error: no input files
configure:5384: $? = 1
configure:5373: g++ -qversion >&5
clang: error: unknown argument: '-qversion' [-Wunused-command-line-argument-hard-error-in-future]
clang: note: this will be a hard error (cannot be downgraded to a warning) in the future
clang: error: no input files
configure:5384: $? = 1
configure:5388: checking whether we are using the GNU C++ compiler
configure:5416: result: yes
configure:5425: checking whether g++ accepts -g
configure:5486: result: yes
configure:5511: checking dependency style of g++
configure:5622: result: gcc3
configure:5680: checking for ranlib
configure:5707: result: ranlib
configure:5876: checking that generated files are newer than configure
configure:5882: result: done
configure:5917: creating ./config.status

## ---------------------- ##
## Running config.status. ##
## ---------------------- ##

This file was extended by SU2_EDU config.status 1.1.0, which was
generated by GNU Autoconf 2.69.  Invocation command line was

  CONFIG_FILES    = 
  CONFIG_HEADERS  = 
  CONFIG_LINKS    = 
  CONFIG_COMMANDS = 
  $ ./config.status 

on dnab40a3f2.stanford.edu

config.status:807: creating externals/metis/Makefile
config.status:807: creating Makefile
config.status:807: creating externals/Makefile
config.status:979: executing depfiles commands
configure:7096: result:

   _____. __    __   ___       _______  _______   __    __
  /     ||  |  |  | |__ \     |   ____||       \ |  |  |  |
 |   (--`|  |  |  |    ) |    |  |__   |  .--.  ||  |  |  |
  \   \  |  |  |  |   / /     |   __|  |  |  |  ||  |  |  |
.--)   | |  `--'  |  / /_     |  |____ |  '--'  ||  `--'  |
|_____/   \______/  |____|    |_______||_______/  \______/

Release 1.1.0 (su2.stanford.edu)

-------------------------------------------------------------------------
| SU2, Copyright (C) 2012-2014 Aerospace Design Laboratory (ADL).       |
| SU2 is distributed in the hope that it will be useful,                |
| but WITHOUT ANY WARRANTY; without even the implied warranty of        |
| MERCHANTABILITY or FITNESS FOR A PARTICULAR PURPOSE. See the GNU      |
| Lesser General Public License (version 2.1) for more details.         |
-------------------------------------------------------------------------

Build Configuration Summary:

    Source code location: /Users/economon/SU2_EDU
    Version:              1.1.0
    Compiler:             g++
    Compiler flags:       -O3 -fPIC -DTIME -DNO_MPI -O3
    Metis support:        yes

    External includes:    -DMETIS -I$(top_srcdir)/externals/metis/include 
    External libs:        $(top_builddir)/externals/metis/libmetis.a 


The build has been configured. Run the 'make' command to compile SU2_EDU.

After building, the SU2_EDU executable can be found in the bin/ directory.

Detailed instructions for running SU2_EDU can be found in the README file.



## ---------------- ##
## Cache variables. ##
## ---------------- ##

ac_cv_build=x86_64-apple-darwin13.1.0
ac_cv_c_compiler_gnu=yes
ac_cv_cxx_compiler_gnu=yes
ac_cv_env_CCC_set=
ac_cv_env_CCC_value=
ac_cv_env_CC_set=set
ac_cv_env_CC_value=gcc
ac_cv_env_CFLAGS_set=set
ac_cv_env_CFLAGS_value='-O3 -fPIC'
ac_cv_env_CPPFLAGS_set=
ac_cv_env_CPPFLAGS_value=
ac_cv_env_CPP_set=
ac_cv_env_CPP_value=
ac_cv_env_CXXFLAGS_set=set
ac_cv_env_CXXFLAGS_value='-O3 -fPIC -DTIME'
ac_cv_env_CXX_set=set
ac_cv_env_CXX_value=g++
ac_cv_env_LDFLAGS_set=
ac_cv_env_LDFLAGS_value=
ac_cv_env_LIBS_set=
ac_cv_env_LIBS_value=
ac_cv_env_build_alias_set=
ac_cv_env_build_alias_value=
ac_cv_env_host_alias_set=
ac_cv_env_host_alias_value=
ac_cv_env_target_alias_set=
ac_cv_env_target_alias_value=
ac_cv_header_inttypes_h=yes
ac_cv_header_memory_h=yes
ac_cv_header_stdc=yes
ac_cv_header_stdint_h=yes
ac_cv_header_stdlib_h=yes
ac_cv_header_string_h=yes
ac_cv_header_strings_h=yes
ac_cv_header_sys_stat_h=yes
ac_cv_header_sys_types_h=yes
ac_cv_header_unistd_h=yes
ac_cv_host=x86_64-apple-darwin13.1.0
ac_cv_objext=o
ac_cv_path_EGREP='/usr/bin/grep -E'
ac_cv_path_GREP=/usr/bin/grep
ac_cv_path_install='/usr/bin/install -c'
ac_cv_prog_AWK=awk
ac_cv_prog_CPP='gcc -E'
ac_cv_prog_ac_ct_CC=gcc
ac_cv_prog_ac_ct_RANLIB=ranlib
ac_cv_prog_cc_c89=
ac_cv_prog_cc_g=yes
ac_cv_prog_cxx_g=yes
ac_cv_prog_make_make_set=yes
ac_cv_sizeof_double=8
ac_cv_sizeof_float=4
ac_cv_sizeof_int=4
ac_cv_sizeof_long_int=8
ac_cv_sizeof_short_int=2
ac_cv_sizeof_unsigned_int=4
ac_cv_sizeof_void_p=8
ac_cv_target=x86_64-apple-darwin13.1.0
ac_cv_tls=__thread
am_cv_CC_dependencies_compiler_type=gcc3
am_cv_CXX_dependencies_compiler_type=gcc3
am_cv_make_support_nested_variables=yes
am_cv_prog_cc_c_o=yes

## ----------------- ##
## Output variables. ##
## ----------------- ##

ACLOCAL='${SHELL} /Users/economon/SU2_EDU/missing aclocal-1.14'
AMDEPBACKSLASH='\'
AMDEP_FALSE='#'
AMDEP_TRUE=''
AMTAR='$${TAR-tar}'
AM_BACKSLASH='\'
AM_DEFAULT_V='$(AM_DEFAULT_VERBOSITY)'
AM_DEFAULT_VERBOSITY='0'
AM_V='$(V)'
AUTOCONF='${SHELL} /Users/economon/SU2_EDU/missing autoconf'
AUTOHEADER='${SHELL} /Users/economon/SU2_EDU/missing autoheader'
AUTOMAKE='${SHELL} /Users/economon/SU2_EDU/missing automake-1.14'
AWK='awk'
BUILD_METIS_FALSE='#'
BUILD_METIS_TRUE=''
CC='gcc'
CCDEPMODE='depmode=gcc3'
CFLAGS='-O3 -fPIC'
CPP='gcc -E'
CPPFLAGS=''
CXX='g++'
CXXDEPMODE='depmode=gcc3'
CXXFLAGS='-O3 -fPIC -DTIME -DNO_MPI -O3'
CYGPATH_W='echo'
DEFS='-DPACKAGE_NAME=\"SU2_EDU\" -DPACKAGE_TARNAME=\"SU2_EDU\" -DPACKAGE_VERSION=\"1.1.0\" -DPACKAGE_STRING=\"SU2_EDU\ 1.1.0\" -DPACKAGE_BUGREPORT=\"susquared-dev@lists.stanford.edu\" -DPACKAGE_URL=\"http://su2.stanford.edu\" -DPACKAGE=\"SU2_EDU\" -DVERSION=\"1.1.0\" -DSTDC_HEADERS=1 -DHAVE_SYS_TYPES_H=1 -DHAVE_SYS_STAT_H=1 -DHAVE_STDLIB_H=1 -DHAVE_STRING_H=1 -DHAVE_MEMORY_H=1 -DHAVE_STRINGS_H=1 -DHAVE_INTTYPES_H=1 -DHAVE_STDINT_H=1 -DHAVE_UNISTD_H=1 -DSIZEOF_SHORT_INT=2 -DSIZEOF_INT=4 -DSIZEOF_UNSIGNED_INT=4 -DSIZEOF_LONG_INT=8 -DSIZEOF_FLOAT=4 -DSIZEOF_DOUBLE=8 -DSIZEOF_VOID_P=8 -DHAVE_METIS=1 -DTLS=__thread'
DEPDIR='.deps'
ECHO_C='\c'
ECHO_N=''
ECHO_T=''
EGREP='/usr/bin/grep -E'
EXEEXT=''
GREP='/usr/bin/grep'
INSTALL_DATA='${INSTALL} -m 644'
INSTALL_PROGRAM='${INSTALL}'
INSTALL_SCRIPT='${INSTALL}'
INSTALL_STRIP_PROGRAM='$(install_sh) -c -s'
LDFLAGS=''
LIBOBJS=''
LIBS=''
LTLIBOBJS=''
MAKEINFO='${SHELL} /Users/economon/SU2_EDU/missing makeinfo'
METIS_INCLUDE='-DMETIS -I$(top_srcdir)/externals/metis/include'
METIS_LIB='$(top_builddir)/externals/metis/libmetis.a'
MKDIR_P='./install-sh -c -d'
OBJEXT='o'
PACKAGE='SU2_EDU'
PACKAGE_BUGREPORT='susquared-dev@lists.stanford.edu'
PACKAGE_NAME='SU2_EDU'
PACKAGE_STRING='SU2_EDU 1.1.0'
PACKAGE_TARNAME='SU2_EDU'
PACKAGE_URL='http://su2.stanford.edu'
PACKAGE_VERSION='1.1.0'
PATH_SEPARATOR=':'
RANLIB='ranlib'
SET_MAKE=''
SHELL='/bin/sh'
STRIP=''
SU2_METIS_CPPFLAGS='-D_FILE_OFFSET_BITS=64 -DNDEBUG -DNDEBUG2 -DHAVE_EXECINFO_H -DHAVE_GETLINE'
VERSION='1.1.0'
ac_ct_CC='gcc'
ac_ct_CXX=''
am__EXEEXT_FALSE=''
am__EXEEXT_TRUE='#'
am__fastdepCC_FALSE='#'
am__fastdepCC_TRUE=''
am__fastdepCXX_FALSE='#'
am__fastdepCXX_TRUE=''
am__include='include'
am__isrc=''
am__leading_dot='.'
am__nodep='_no'
am__quote=''
am__tar='$${TAR-tar} chof - "$$tardir"'
am__untar='$${TAR-tar} xf -'
bindir='${exec_prefix}/bin'
build='x86_64-apple-darwin13.1.0'
build_alias=''
build_cpu='x86_64'
build_os='darwin13.1.0'
build_vendor='apple'
datadir='${datarootdir}'
datarootdir='${prefix}/share'
docdir='${datarootdir}/doc/${PACKAGE_TARNAME}'
dvidir='${docdir}'
exec_prefix='${prefix}'
host='x86_64-apple-darwin13.1.0'
host_alias=''
host_cpu='x86_64'
host_os='darwin13.1.0'
host_vendor='apple'
htmldir='${docdir}'
includedir='${prefix}/include'
infodir='${datarootdir}/info'
install_sh='${SHELL} /Users/economon/SU2_EDU/install-sh'
libdir='${exec_prefix}/lib'
libexecdir='${exec_prefix}/libexec'
localedir='${datarootdir}/locale'
localstatedir='${prefix}/var'
mandir='${datarootdir}/man'
mkdir_p='$(MKDIR_P)'
oldincludedir='/usr/include'
pdfdir='${docdir}'
prefix='/Users/economon/SU2_EDU'
program_transform_name='s,x,x,'
psdir='${docdir}'
sbindir='${exec_prefix}/sbin'
sharedstatedir='${prefix}/com'
su2_externals_INCLUDES='-DMETIS -I$(top_srcdir)/externals/metis/include '
su2_externals_LIBS='$(top_builddir)/externals/metis/libmetis.a '
sysconfdir='${prefix}/etc'
target='x86_64-apple-darwin13.1.0'
target_alias=''
target_cpu='x86_64'
target_os='darwin13.1.0'
target_vendor='apple'

## ----------- ##
## confdefs.h. ##
## ----------- ##

/* confdefs.h */
#define PACKAGE_NAME "SU2_EDU"
#define PACKAGE_TARNAME "SU2_EDU"
#define PACKAGE_VERSION "1.1.0"
#define PACKAGE_STRING "SU2_EDU 1.1.0"
#define PACKAGE_BUGREPORT "susquared-dev@lists.stanford.edu"
#define PACKAGE_URL "http://su2.stanford.edu"
#define PACKAGE "SU2_EDU"
#define VERSION "1.1.0"
#define STDC_HEADERS 1
#define HAVE_SYS_TYPES_H 1
#define HAVE_SYS_STAT_H 1
#define HAVE_STDLIB_H 1
#define HAVE_STRING_H 1
#define HAVE_MEMORY_H 1
#define HAVE_STRINGS_H 1
#define HAVE_INTTYPES_H 1
#define HAVE_STDINT_H 1
#define HAVE_UNISTD_H 1
#define SIZEOF_SHORT_INT 2
#define SIZEOF_INT 4
#define SIZEOF_UNSIGNED_INT 4
#define SIZEOF_LONG_INT 8
#define SIZEOF_FLOAT 4
#define SIZEOF_DOUBLE 8
#define SIZEOF_VOID_P 8
#define HAVE_METIS 1
#define TLS __thread

configure: exit 0
